<?xml version="1.0" encoding="UTF-8" ?>
<testsuite tests="1" failures="0" name="com.kt.om.poc.prepare.ompocprepare.TesterCamunda" time="1.288" errors="1" skipped="0">
  <properties>
    <property name="java.runtime.name" value="Java(TM) SE Runtime Environment"/>
    <property name="sun.boot.library.path" value="C:\Program Files\Java\jdk1.8.0_121\jre\bin"/>
    <property name="java.vm.version" value="25.121-b13"/>
    <property name="user.country.format" value="US"/>
    <property name="java.vm.vendor" value="Oracle Corporation"/>
    <property name="java.vendor.url" value="http://java.oracle.com/"/>
    <property name="path.separator" value=";"/>
    <property name="guice.disable.misplaced.annotation.check" value="true"/>
    <property name="java.vm.name" value="Java HotSpot(TM) 64-Bit Server VM"/>
    <property name="file.encoding.pkg" value="sun.io"/>
    <property name="user.script" value=""/>
    <property name="user.country" value="KR"/>
    <property name="sun.java.launcher" value="SUN_STANDARD"/>
    <property name="sun.os.patch.level" value="Service Pack 1"/>
    <property name="java.vm.specification.name" value="Java Virtual Machine Specification"/>
    <property name="user.dir" value="C:\camunda\Workspace\PREPARE_POC\ompocprepare"/>
    <property name="java.runtime.version" value="1.8.0_121-b13"/>
    <property name="java.awt.graphicsenv" value="sun.awt.Win32GraphicsEnvironment"/>
    <property name="java.endorsed.dirs" value="C:\Program Files\Java\jdk1.8.0_121\jre\lib\endorsed"/>
    <property name="os.arch" value="amd64"/>
    <property name="java.io.tmpdir" value="C:\Users\ULTIMA~1\AppData\Local\Temp\"/>
    <property name="line.separator" value="
"/>
    <property name="java.vm.specification.vendor" value="Oracle Corporation"/>
    <property name="user.variant" value=""/>
    <property name="os.name" value="Windows 7"/>
    <property name="classworlds.conf" value="C:\camunda\Workspace\PREPARE_POC\.metadata\.plugins\org.eclipse.m2e.launching\launches\m2conf2848652167639885496.tmp"/>
    <property name="sun.jnu.encoding" value="MS949"/>
    <property name="java.library.path" value="C:\Program Files\Java\jdk1.8.0_121\bin;C:\Windows\Sun\Java\bin;C:\Windows\system32;C:\Windows;C:/Program Files/Java/jre1.8.0_151/bin/server;C:/Program Files/Java/jre1.8.0_151/bin;C:/Program Files/Java/jre1.8.0_151/lib/amd64;C:\ProgramData\Oracle\Java\javapath;C:\Program Files (x86)\Wizvera\Delfino;C:\app\ultimateneo\product\11.2.0\client_1\bin;c:\app\ultimateneo\product\11.2.0\dbhome_1\bin;C:\Program Files (x86)\NVIDIA Corporation\PhysX\Common;C:\Program Files (x86)\Intel\iCLS Client\;C:\Program Files\Intel\iCLS Client\;C:\Windows\system32;C:\Windows;C:\Windows\System32\Wbem;C:\Windows\System32\WindowsPowerShell\v1.0\;C:\Program Files\Intel\Intel(R) Management Engine Components\DAL;C:\Program Files\Intel\Intel(R) Management Engine Components\IPT;C:\Program Files (x86)\Intel\Intel(R) Management Engine Components\DAL;C:\Program Files (x86)\Intel\Intel(R) Management Engine Components\IPT;C:\Program Files\Intel\WiFi\bin\;C:\Program Files\Common Files\Intel\WirelessCommon\;C:\OPatch;C:\maven\apache-maven-3.5.2\bin;C:\Program Files\Java\jdk1.8.0_121\bin;C:\Program Files\Intel\WiFi\bin\;C:\Program Files\Common Files\Intel\WirelessCommon\;.;;C:\Eclipse_Camunda_Kepler;;.;;."/>
    <property name="java.specification.name" value="Java Platform API Specification"/>
    <property name="java.class.version" value="52.0"/>
    <property name="sun.management.compiler" value="HotSpot 64-Bit Tiered Compilers"/>
    <property name="os.version" value="6.1"/>
    <property name="user.home" value="C:\Users\ultimateneo"/>
    <property name="user.timezone" value="Asia/Seoul"/>
    <property name="java.awt.printerjob" value="sun.awt.windows.WPrinterJob"/>
    <property name="java.specification.version" value="1.8"/>
    <property name="file.encoding" value="UTF-8"/>
    <property name="user.name" value="ultimateneo"/>
    <property name="java.class.path" value="/C:/Eclipse_Camunda_Kepler/configuration/org.eclipse.osgi/bundles/647/1/.cp/jars/plexus-classworlds-2.4.jar"/>
    <property name="java.vm.specification.version" value="1.8"/>
    <property name="sun.arch.data.model" value="64"/>
    <property name="java.home" value="C:\Program Files\Java\jdk1.8.0_121\jre"/>
    <property name="sun.java.command" value="org.codehaus.plexus.classworlds.launcher.Launcher -B install"/>
    <property name="java.specification.vendor" value="Oracle Corporation"/>
    <property name="user.language" value="ko"/>
    <property name="user.language.format" value="en"/>
    <property name="awt.toolkit" value="sun.awt.windows.WToolkit"/>
    <property name="java.vm.info" value="mixed mode"/>
    <property name="java.version" value="1.8.0_121"/>
    <property name="java.ext.dirs" value="C:\Program Files\Java\jdk1.8.0_121\jre\lib\ext;C:\Windows\Sun\Java\lib\ext"/>
    <property name="sun.boot.class.path" value="C:\Program Files\Java\jdk1.8.0_121\jre\lib\resources.jar;C:\Program Files\Java\jdk1.8.0_121\jre\lib\rt.jar;C:\Program Files\Java\jdk1.8.0_121\jre\lib\sunrsasign.jar;C:\Program Files\Java\jdk1.8.0_121\jre\lib\jsse.jar;C:\Program Files\Java\jdk1.8.0_121\jre\lib\jce.jar;C:\Program Files\Java\jdk1.8.0_121\jre\lib\charsets.jar;C:\Program Files\Java\jdk1.8.0_121\jre\lib\jfr.jar;C:\Program Files\Java\jdk1.8.0_121\jre\classes"/>
    <property name="java.vendor" value="Oracle Corporation"/>
    <property name="maven.home" value="C:\camunda\Workspace\PREPARE_POC\ompocprepare\EMBEDDED"/>
    <property name="file.separator" value="\"/>
    <property name="java.vendor.url.bug" value="http://bugreport.sun.com/bugreport/"/>
    <property name="maven.bootclasspath" value="/C:/Eclipse_Camunda_Kepler/configuration/org.eclipse.osgi/bundles/647/1/.cp/jars/plexus-classworlds-2.4.jar"/>
    <property name="sun.cpu.endian" value="little"/>
    <property name="sun.io.unicode.encoding" value="UnicodeLittle"/>
    <property name="sun.desktop" value="windows"/>
    <property name="sun.cpu.isalist" value="amd64"/>
  </properties>
  <testcase classname="com.kt.om.poc.prepare.ompocprepare.TesterCamunda" name="testHappyPath" time="0.004">
    <error message="ENGINE-03017 Could not perform operation &apos;create&apos; on database schema for SQL Statement: &apos;create table ACT_HI_PROCINST ( 
ID_ varchar(64) not null, 
PROC_INST_ID_ varchar(64) not null, 
BUSINESS_KEY_ varchar(255), 
PROC_DEF_KEY_ varchar(255), 
PROC_DEF_ID_ varchar(64) not null, 
START_TIME_ timestamp not null, 
END_TIME_ timestamp, 
DURATION_ bigint, 
START_USER_ID_ varchar(255), 
START_ACT_ID_ varchar(255), 
END_ACT_ID_ varchar(255), 
SUPER_PROCESS_INSTANCE_ID_ varchar(64), 
SUPER_CASE_INSTANCE_ID_ varchar(64), 
CASE_INST_ID_ varchar(64), 
DELETE_REASON_ varchar(4000), 
TENANT_ID_ varchar(64), 
STATE_ varchar(255), 
primary key (ID_), 
unique (PROC_INST_ID_) 
)&apos;." type="org.camunda.bpm.engine.ProcessEngineException">org.camunda.bpm.engine.ProcessEngineException: ENGINE-03017 Could not perform operation &apos;create&apos; on database schema for SQL Statement: &apos;create table ACT_HI_PROCINST ( 
ID_ varchar(64) not null, 
PROC_INST_ID_ varchar(64) not null, 
BUSINESS_KEY_ varchar(255), 
PROC_DEF_KEY_ varchar(255), 
PROC_DEF_ID_ varchar(64) not null, 
START_TIME_ timestamp not null, 
END_TIME_ timestamp, 
DURATION_ bigint, 
START_USER_ID_ varchar(255), 
START_ACT_ID_ varchar(255), 
END_ACT_ID_ varchar(255), 
SUPER_PROCESS_INSTANCE_ID_ varchar(64), 
SUPER_CASE_INSTANCE_ID_ varchar(64), 
CASE_INST_ID_ varchar(64), 
DELETE_REASON_ varchar(4000), 
TENANT_ID_ varchar(64), 
STATE_ varchar(255), 
primary key (ID_), 
unique (PROC_INST_ID_) 
)&apos;.
	at org.camunda.bpm.engine.impl.db.EnginePersistenceLogger.performDatabaseOperationException(EnginePersistenceLogger.java:226)
	at org.camunda.bpm.engine.impl.db.sql.DbSqlSession.executeSchemaResource(DbSqlSession.java:684)
	at org.camunda.bpm.engine.impl.db.sql.DbSqlSession.executeSchemaResource(DbSqlSession.java:611)
	at org.camunda.bpm.engine.impl.db.sql.DbSqlSession.executeMandatorySchemaResource(DbSqlSession.java:423)
	at org.camunda.bpm.engine.impl.db.sql.DbSqlSession.dbSchemaCreateHistory(DbSqlSession.java:358)
	at org.camunda.bpm.engine.impl.db.AbstractPersistenceSession.dbSchemaCreate(AbstractPersistenceSession.java:93)
	at org.camunda.bpm.engine.impl.SchemaOperationsProcessEngineBuild.execute(SchemaOperationsProcessEngineBuild.java:48)
	at org.camunda.bpm.engine.impl.SchemaOperationsProcessEngineBuild.execute(SchemaOperationsProcessEngineBuild.java:30)
	at org.camunda.bpm.engine.impl.interceptor.CommandExecutorImpl.execute(CommandExecutorImpl.java:24)
	at org.camunda.bpm.engine.impl.interceptor.CommandContextInterceptor.execute(CommandContextInterceptor.java:104)
	at org.camunda.bpm.engine.impl.interceptor.ProcessApplicationContextInterceptor.execute(ProcessApplicationContextInterceptor.java:66)
	at org.camunda.bpm.engine.impl.interceptor.LogInterceptor.execute(LogInterceptor.java:30)
	at org.camunda.bpm.engine.impl.ProcessEngineImpl.executeSchemaOperations(ProcessEngineImpl.java:131)
	at org.camunda.bpm.engine.impl.ProcessEngineImpl.&lt;init&gt;(ProcessEngineImpl.java:98)
	at org.camunda.bpm.engine.impl.cfg.ProcessEngineConfigurationImpl.buildProcessEngine(ProcessEngineConfigurationImpl.java:723)
	at com.kt.om.poc.prepare.ompocprepare.TesterCamunda.&lt;init&gt;(TesterCamunda.java:27)
	at sun.reflect.NativeConstructorAccessorImpl.newInstance0(Native Method)
	at sun.reflect.NativeConstructorAccessorImpl.newInstance(NativeConstructorAccessorImpl.java:62)
	at sun.reflect.DelegatingConstructorAccessorImpl.newInstance(DelegatingConstructorAccessorImpl.java:45)
	at java.lang.reflect.Constructor.newInstance(Constructor.java:423)
	at org.junit.runners.BlockJUnit4ClassRunner.createTest(BlockJUnit4ClassRunner.java:217)
	at org.junit.runners.BlockJUnit4ClassRunner$1.runReflectiveCall(BlockJUnit4ClassRunner.java:266)
	at org.junit.internal.runners.model.ReflectiveCallable.run(ReflectiveCallable.java:12)
	at org.junit.runners.BlockJUnit4ClassRunner.methodBlock(BlockJUnit4ClassRunner.java:263)
	at org.junit.runners.BlockJUnit4ClassRunner.runChild(BlockJUnit4ClassRunner.java:78)
	at org.junit.runners.BlockJUnit4ClassRunner.runChild(BlockJUnit4ClassRunner.java:57)
	at org.junit.runners.ParentRunner$3.run(ParentRunner.java:290)
	at org.junit.runners.ParentRunner$1.schedule(ParentRunner.java:71)
	at org.junit.runners.ParentRunner.runChildren(ParentRunner.java:288)
	at org.junit.runners.ParentRunner.access$000(ParentRunner.java:58)
	at org.junit.runners.ParentRunner$2.evaluate(ParentRunner.java:268)
	at org.junit.runners.ParentRunner.run(ParentRunner.java:363)
	at org.apache.maven.surefire.junit4.JUnit4TestSet.execute(JUnit4TestSet.java:53)
	at org.apache.maven.surefire.junit4.JUnit4Provider.executeTestSet(JUnit4Provider.java:123)
	at org.apache.maven.surefire.junit4.JUnit4Provider.invoke(JUnit4Provider.java:104)
	at sun.reflect.NativeMethodAccessorImpl.invoke0(Native Method)
	at sun.reflect.NativeMethodAccessorImpl.invoke(NativeMethodAccessorImpl.java:62)
	at sun.reflect.DelegatingMethodAccessorImpl.invoke(DelegatingMethodAccessorImpl.java:43)
	at java.lang.reflect.Method.invoke(Method.java:498)
	at org.apache.maven.surefire.util.ReflectionUtils.invokeMethodWithArray(ReflectionUtils.java:164)
	at org.apache.maven.surefire.booter.ProviderFactory$ProviderProxy.invoke(ProviderFactory.java:110)
	at org.apache.maven.surefire.booter.SurefireStarter.invokeProvider(SurefireStarter.java:175)
	at org.apache.maven.surefire.booter.SurefireStarter.runSuitesInProcessWhenForked(SurefireStarter.java:107)
	at org.apache.maven.surefire.booter.ForkedBooter.main(ForkedBooter.java:68)
Caused by: org.h2.jdbc.JdbcSQLException: Table &quot;ACT_HI_PROCINST&quot; already exists; SQL statement:
create table ACT_HI_PROCINST ( 
ID_ varchar(64) not null, 
PROC_INST_ID_ varchar(64) not null, 
BUSINESS_KEY_ varchar(255), 
PROC_DEF_KEY_ varchar(255), 
PROC_DEF_ID_ varchar(64) not null, 
START_TIME_ timestamp not null, 
END_TIME_ timestamp, 
DURATION_ bigint, 
START_USER_ID_ varchar(255), 
START_ACT_ID_ varchar(255), 
END_ACT_ID_ varchar(255), 
SUPER_PROCESS_INSTANCE_ID_ varchar(64), 
SUPER_CASE_INSTANCE_ID_ varchar(64), 
CASE_INST_ID_ varchar(64), 
DELETE_REASON_ varchar(4000), 
TENANT_ID_ varchar(64), 
STATE_ varchar(255), 
primary key (ID_), 
unique (PROC_INST_ID_) 
) [42101-168]
	at org.h2.message.DbException.getJdbcSQLException(DbException.java:329)
	at org.h2.message.DbException.get(DbException.java:169)
	at org.h2.message.DbException.get(DbException.java:146)
	at org.h2.command.ddl.CreateTable.update(CreateTable.java:108)
	at org.h2.command.CommandContainer.update(CommandContainer.java:75)
	at org.h2.command.Command.executeUpdate(Command.java:230)
	at org.h2.jdbc.JdbcStatement.executeInternal(JdbcStatement.java:177)
	at org.h2.jdbc.JdbcStatement.execute(JdbcStatement.java:152)
	at org.camunda.bpm.engine.impl.db.sql.DbSqlSession.executeSchemaResource(DbSqlSession.java:657)
	... 42 more
</error>
    <system-out>17:59:43.360 [main] ERROR org.camunda.bpm.engine.persistence - ENGINE-03015 Problem during schema operation &apos;create&apos; with statement &apos;create table ACT_HI_PROCINST ( 
ID_ varchar(64) not null, 
PROC_INST_ID_ varchar(64) not null, 
BUSINESS_KEY_ varchar(255), 
PROC_DEF_KEY_ varchar(255), 
PROC_DEF_ID_ varchar(64) not null, 
START_TIME_ timestamp not null, 
END_TIME_ timestamp, 
DURATION_ bigint, 
START_USER_ID_ varchar(255), 
START_ACT_ID_ varchar(255), 
END_ACT_ID_ varchar(255), 
SUPER_PROCESS_INSTANCE_ID_ varchar(64), 
SUPER_CASE_INSTANCE_ID_ varchar(64), 
CASE_INST_ID_ varchar(64), 
DELETE_REASON_ varchar(4000), 
TENANT_ID_ varchar(64), 
STATE_ varchar(255), 
primary key (ID_), 
unique (PROC_INST_ID_) 
)&apos;. Cause: &apos;Table &quot;ACT_HI_PROCINST&quot; already exists; SQL statement:
create table ACT_HI_PROCINST ( 
ID_ varchar(64) not null, 
PROC_INST_ID_ varchar(64) not null, 
BUSINESS_KEY_ varchar(255), 
PROC_DEF_KEY_ varchar(255), 
PROC_DEF_ID_ varchar(64) not null, 
START_TIME_ timestamp not null, 
END_TIME_ timestamp, 
DURATION_ bigint, 
START_USER_ID_ varchar(255), 
START_ACT_ID_ varchar(255), 
END_ACT_ID_ varchar(255), 
SUPER_PROCESS_INSTANCE_ID_ varchar(64), 
SUPER_CASE_INSTANCE_ID_ varchar(64), 
CASE_INST_ID_ varchar(64), 
DELETE_REASON_ varchar(4000), 
TENANT_ID_ varchar(64), 
STATE_ varchar(255), 
primary key (ID_), 
unique (PROC_INST_ID_) 
) [42101-168]&apos;
17:59:43.361 [main] ERROR org.camunda.bpm.engine.persistence - ENGINE-03015 Problem during schema operation &apos;create&apos; with statement &apos;create table ACT_HI_ACTINST ( 
ID_ varchar(64) not null, 
PARENT_ACT_INST_ID_ varchar(64), 
PROC_DEF_KEY_ varchar(255), 
PROC_DEF_ID_ varchar(64) not null, 
PROC_INST_ID_ varchar(64) not null, 
EXECUTION_ID_ varchar(64) not null, 
ACT_ID_ varchar(255) not null, 
TASK_ID_ varchar(64), 
CALL_PROC_INST_ID_ varchar(64), 
CALL_CASE_INST_ID_ varchar(64), 
ACT_NAME_ varchar(255), 
ACT_TYPE_ varchar(255) not null, 
ASSIGNEE_ varchar(64), 
START_TIME_ timestamp not null, 
END_TIME_ timestamp, 
DURATION_ bigint, 
ACT_INST_STATE_ integer, 
SEQUENCE_COUNTER_ integer, 
TENANT_ID_ varchar(64), 
primary key (ID_) 
)&apos;. Cause: &apos;Table &quot;ACT_HI_ACTINST&quot; already exists; SQL statement:
create table ACT_HI_ACTINST ( 
ID_ varchar(64) not null, 
PARENT_ACT_INST_ID_ varchar(64), 
PROC_DEF_KEY_ varchar(255), 
PROC_DEF_ID_ varchar(64) not null, 
PROC_INST_ID_ varchar(64) not null, 
EXECUTION_ID_ varchar(64) not null, 
ACT_ID_ varchar(255) not null, 
TASK_ID_ varchar(64), 
CALL_PROC_INST_ID_ varchar(64), 
CALL_CASE_INST_ID_ varchar(64), 
ACT_NAME_ varchar(255), 
ACT_TYPE_ varchar(255) not null, 
ASSIGNEE_ varchar(64), 
START_TIME_ timestamp not null, 
END_TIME_ timestamp, 
DURATION_ bigint, 
ACT_INST_STATE_ integer, 
SEQUENCE_COUNTER_ integer, 
TENANT_ID_ varchar(64), 
primary key (ID_) 
) [42101-168]&apos;
17:59:43.362 [main] ERROR org.camunda.bpm.engine.persistence - ENGINE-03015 Problem during schema operation &apos;create&apos; with statement &apos;create table ACT_HI_TASKINST ( 
ID_ varchar(64) not null, 
TASK_DEF_KEY_ varchar(255), 
PROC_DEF_KEY_ varchar(255), 
PROC_DEF_ID_ varchar(64), 
PROC_INST_ID_ varchar(64), 
EXECUTION_ID_ varchar(64), 
CASE_DEF_KEY_ varchar(255), 
CASE_DEF_ID_ varchar(64), 
CASE_INST_ID_ varchar(64), 
CASE_EXECUTION_ID_ varchar(64), 
ACT_INST_ID_ varchar(64), 
NAME_ varchar(255), 
PARENT_TASK_ID_ varchar(64), 
DESCRIPTION_ varchar(4000), 
OWNER_ varchar(255), 
ASSIGNEE_ varchar(255), 
START_TIME_ timestamp not null, 
END_TIME_ timestamp, 
DURATION_ bigint, 
DELETE_REASON_ varchar(4000), 
PRIORITY_ integer, 
DUE_DATE_ timestamp, 
FOLLOW_UP_DATE_ timestamp, 
TENANT_ID_ varchar(64), 
primary key (ID_) 
)&apos;. Cause: &apos;Table &quot;ACT_HI_TASKINST&quot; already exists; SQL statement:
create table ACT_HI_TASKINST ( 
ID_ varchar(64) not null, 
TASK_DEF_KEY_ varchar(255), 
PROC_DEF_KEY_ varchar(255), 
PROC_DEF_ID_ varchar(64), 
PROC_INST_ID_ varchar(64), 
EXECUTION_ID_ varchar(64), 
CASE_DEF_KEY_ varchar(255), 
CASE_DEF_ID_ varchar(64), 
CASE_INST_ID_ varchar(64), 
CASE_EXECUTION_ID_ varchar(64), 
ACT_INST_ID_ varchar(64), 
NAME_ varchar(255), 
PARENT_TASK_ID_ varchar(64), 
DESCRIPTION_ varchar(4000), 
OWNER_ varchar(255), 
ASSIGNEE_ varchar(255), 
START_TIME_ timestamp not null, 
END_TIME_ timestamp, 
DURATION_ bigint, 
DELETE_REASON_ varchar(4000), 
PRIORITY_ integer, 
DUE_DATE_ timestamp, 
FOLLOW_UP_DATE_ timestamp, 
TENANT_ID_ varchar(64), 
primary key (ID_) 
) [42101-168]&apos;
17:59:43.363 [main] ERROR org.camunda.bpm.engine.persistence - ENGINE-03015 Problem during schema operation &apos;create&apos; with statement &apos;create table ACT_HI_VARINST ( 
ID_ varchar(64) not null, 
PROC_DEF_KEY_ varchar(255), 
PROC_DEF_ID_ varchar(64), 
PROC_INST_ID_ varchar(64), 
EXECUTION_ID_ varchar(64), 
CASE_DEF_KEY_ varchar(255), 
CASE_DEF_ID_ varchar(64), 
CASE_INST_ID_ varchar(64), 
CASE_EXECUTION_ID_ varchar(64), 
TASK_ID_ varchar(64), 
ACT_INST_ID_ varchar(64), 
NAME_ varchar(255) not null, 
VAR_TYPE_ varchar(100), 
REV_ integer, 
BYTEARRAY_ID_ varchar(64), 
DOUBLE_ double, 
LONG_ bigint, 
TEXT_ varchar(4000), 
TEXT2_ varchar(4000), 
TENANT_ID_ varchar(64), 
STATE_ varchar(20), 
primary key (ID_) 
)&apos;. Cause: &apos;Table &quot;ACT_HI_VARINST&quot; already exists; SQL statement:
create table ACT_HI_VARINST ( 
ID_ varchar(64) not null, 
PROC_DEF_KEY_ varchar(255), 
PROC_DEF_ID_ varchar(64), 
PROC_INST_ID_ varchar(64), 
EXECUTION_ID_ varchar(64), 
CASE_DEF_KEY_ varchar(255), 
CASE_DEF_ID_ varchar(64), 
CASE_INST_ID_ varchar(64), 
CASE_EXECUTION_ID_ varchar(64), 
TASK_ID_ varchar(64), 
ACT_INST_ID_ varchar(64), 
NAME_ varchar(255) not null, 
VAR_TYPE_ varchar(100), 
REV_ integer, 
BYTEARRAY_ID_ varchar(64), 
DOUBLE_ double, 
LONG_ bigint, 
TEXT_ varchar(4000), 
TEXT2_ varchar(4000), 
TENANT_ID_ varchar(64), 
STATE_ varchar(20), 
primary key (ID_) 
) [42101-168]&apos;
17:59:43.363 [main] ERROR org.camunda.bpm.engine.persistence - ENGINE-03015 Problem during schema operation &apos;create&apos; with statement &apos;create table ACT_HI_DETAIL ( 
ID_ varchar(64) not null, 
TYPE_ varchar(255) not null, 
TIME_ timestamp not null, 
NAME_ varchar(255) NOT null, 
PROC_DEF_KEY_ varchar(255), 
PROC_DEF_ID_ varchar(64), 
PROC_INST_ID_ varchar(64), 
EXECUTION_ID_ varchar(64), 
CASE_DEF_KEY_ varchar(255), 
CASE_DEF_ID_ varchar(64), 
CASE_INST_ID_ varchar(64), 
CASE_EXECUTION_ID_ varchar(64), 
TASK_ID_ varchar(64), 
ACT_INST_ID_ varchar(64), 
VAR_INST_ID_ varchar(64), 
VAR_TYPE_ varchar(255), 
REV_ integer, 
BYTEARRAY_ID_ varchar(64), 
DOUBLE_ double, 
LONG_ bigint, 
TEXT_ varchar(4000), 
TEXT2_ varchar(4000), 
SEQUENCE_COUNTER_ integer, 
TENANT_ID_ varchar(64), 
OPERATION_ID_ varchar(64), 
primary key (ID_) 
)&apos;. Cause: &apos;Table &quot;ACT_HI_DETAIL&quot; already exists; SQL statement:
create table ACT_HI_DETAIL ( 
ID_ varchar(64) not null, 
TYPE_ varchar(255) not null, 
TIME_ timestamp not null, 
NAME_ varchar(255) NOT null, 
PROC_DEF_KEY_ varchar(255), 
PROC_DEF_ID_ varchar(64), 
PROC_INST_ID_ varchar(64), 
EXECUTION_ID_ varchar(64), 
CASE_DEF_KEY_ varchar(255), 
CASE_DEF_ID_ varchar(64), 
CASE_INST_ID_ varchar(64), 
CASE_EXECUTION_ID_ varchar(64), 
TASK_ID_ varchar(64), 
ACT_INST_ID_ varchar(64), 
VAR_INST_ID_ varchar(64), 
VAR_TYPE_ varchar(255), 
REV_ integer, 
BYTEARRAY_ID_ varchar(64), 
DOUBLE_ double, 
LONG_ bigint, 
TEXT_ varchar(4000), 
TEXT2_ varchar(4000), 
SEQUENCE_COUNTER_ integer, 
TENANT_ID_ varchar(64), 
OPERATION_ID_ varchar(64), 
primary key (ID_) 
) [42101-168]&apos;
17:59:43.364 [main] ERROR org.camunda.bpm.engine.persistence - ENGINE-03015 Problem during schema operation &apos;create&apos; with statement &apos;create table ACT_HI_IDENTITYLINK ( 
ID_ varchar(64) not null, 
TIMESTAMP_ timestamp not null, 
TYPE_ varchar(255), 
USER_ID_ varchar(255), 
GROUP_ID_ varchar(255), 
TASK_ID_ varchar(64), 
PROC_DEF_ID_ varchar(64), 
OPERATION_TYPE_ varchar(64), 
ASSIGNER_ID_ varchar(64), 
PROC_DEF_KEY_ varchar(255), 
TENANT_ID_ varchar(64), 
primary key (ID_) 
)&apos;. Cause: &apos;Table &quot;ACT_HI_IDENTITYLINK&quot; already exists; SQL statement:
create table ACT_HI_IDENTITYLINK ( 
ID_ varchar(64) not null, 
TIMESTAMP_ timestamp not null, 
TYPE_ varchar(255), 
USER_ID_ varchar(255), 
GROUP_ID_ varchar(255), 
TASK_ID_ varchar(64), 
PROC_DEF_ID_ varchar(64), 
OPERATION_TYPE_ varchar(64), 
ASSIGNER_ID_ varchar(64), 
PROC_DEF_KEY_ varchar(255), 
TENANT_ID_ varchar(64), 
primary key (ID_) 
) [42101-168]&apos;
17:59:43.364 [main] ERROR org.camunda.bpm.engine.persistence - ENGINE-03015 Problem during schema operation &apos;create&apos; with statement &apos;create table ACT_HI_COMMENT ( 
ID_ varchar(64) not null, 
TYPE_ varchar(255), 
TIME_ timestamp not null, 
USER_ID_ varchar(255), 
TASK_ID_ varchar(64), 
PROC_INST_ID_ varchar(64), 
ACTION_ varchar(255), 
MESSAGE_ varchar(4000), 
FULL_MSG_ longvarbinary, 
TENANT_ID_ varchar(64), 
primary key (ID_) 
)&apos;. Cause: &apos;Table &quot;ACT_HI_COMMENT&quot; already exists; SQL statement:
create table ACT_HI_COMMENT ( 
ID_ varchar(64) not null, 
TYPE_ varchar(255), 
TIME_ timestamp not null, 
USER_ID_ varchar(255), 
TASK_ID_ varchar(64), 
PROC_INST_ID_ varchar(64), 
ACTION_ varchar(255), 
MESSAGE_ varchar(4000), 
FULL_MSG_ longvarbinary, 
TENANT_ID_ varchar(64), 
primary key (ID_) 
) [42101-168]&apos;
17:59:43.365 [main] ERROR org.camunda.bpm.engine.persistence - ENGINE-03015 Problem during schema operation &apos;create&apos; with statement &apos;create table ACT_HI_ATTACHMENT ( 
ID_ varchar(64) not null, 
REV_ integer, 
USER_ID_ varchar(255), 
NAME_ varchar(255), 
DESCRIPTION_ varchar(4000), 
TYPE_ varchar(255), 
TASK_ID_ varchar(64), 
PROC_INST_ID_ varchar(64), 
URL_ varchar(4000), 
CONTENT_ID_ varchar(64), 
TENANT_ID_ varchar(64), 
primary key (ID_) 
)&apos;. Cause: &apos;Table &quot;ACT_HI_ATTACHMENT&quot; already exists; SQL statement:
create table ACT_HI_ATTACHMENT ( 
ID_ varchar(64) not null, 
REV_ integer, 
USER_ID_ varchar(255), 
NAME_ varchar(255), 
DESCRIPTION_ varchar(4000), 
TYPE_ varchar(255), 
TASK_ID_ varchar(64), 
PROC_INST_ID_ varchar(64), 
URL_ varchar(4000), 
CONTENT_ID_ varchar(64), 
TENANT_ID_ varchar(64), 
primary key (ID_) 
) [42101-168]&apos;
17:59:43.365 [main] ERROR org.camunda.bpm.engine.persistence - ENGINE-03015 Problem during schema operation &apos;create&apos; with statement &apos;create table ACT_HI_OP_LOG ( 
ID_ varchar(64) not null, 
DEPLOYMENT_ID_ varchar(64), 
PROC_DEF_ID_ varchar(64), 
PROC_DEF_KEY_ varchar(255), 
PROC_INST_ID_ varchar(64), 
EXECUTION_ID_ varchar(64), 
CASE_DEF_ID_ varchar(64), 
CASE_INST_ID_ varchar(64), 
CASE_EXECUTION_ID_ varchar(64), 
TASK_ID_ varchar(64), 
JOB_ID_ varchar(64), 
JOB_DEF_ID_ varchar(64), 
BATCH_ID_ varchar(64), 
USER_ID_ varchar(255), 
TIMESTAMP_ timestamp not null, 
OPERATION_TYPE_ varchar(64), 
OPERATION_ID_ varchar(64), 
ENTITY_TYPE_ varchar(30), 
PROPERTY_ varchar(64), 
ORG_VALUE_ varchar(4000), 
NEW_VALUE_ varchar(4000), 
TENANT_ID_ varchar(64), 
primary key (ID_) 
)&apos;. Cause: &apos;Table &quot;ACT_HI_OP_LOG&quot; already exists; SQL statement:
create table ACT_HI_OP_LOG ( 
ID_ varchar(64) not null, 
DEPLOYMENT_ID_ varchar(64), 
PROC_DEF_ID_ varchar(64), 
PROC_DEF_KEY_ varchar(255), 
PROC_INST_ID_ varchar(64), 
EXECUTION_ID_ varchar(64), 
CASE_DEF_ID_ varchar(64), 
CASE_INST_ID_ varchar(64), 
CASE_EXECUTION_ID_ varchar(64), 
TASK_ID_ varchar(64), 
JOB_ID_ varchar(64), 
JOB_DEF_ID_ varchar(64), 
BATCH_ID_ varchar(64), 
USER_ID_ varchar(255), 
TIMESTAMP_ timestamp not null, 
OPERATION_TYPE_ varchar(64), 
OPERATION_ID_ varchar(64), 
ENTITY_TYPE_ varchar(30), 
PROPERTY_ varchar(64), 
ORG_VALUE_ varchar(4000), 
NEW_VALUE_ varchar(4000), 
TENANT_ID_ varchar(64), 
primary key (ID_) 
) [42101-168]&apos;
17:59:43.366 [main] ERROR org.camunda.bpm.engine.persistence - ENGINE-03015 Problem during schema operation &apos;create&apos; with statement &apos;create table ACT_HI_INCIDENT ( 
ID_ varchar(64) not null, 
PROC_DEF_KEY_ varchar(255), 
PROC_DEF_ID_ varchar(64), 
PROC_INST_ID_ varchar(64), 
EXECUTION_ID_ varchar(64), 
CREATE_TIME_ timestamp not null, 
END_TIME_ timestamp, 
INCIDENT_MSG_ varchar(4000), 
INCIDENT_TYPE_ varchar(255) not null, 
ACTIVITY_ID_ varchar(255), 
CAUSE_INCIDENT_ID_ varchar(64), 
ROOT_CAUSE_INCIDENT_ID_ varchar(64), 
CONFIGURATION_ varchar(255), 
INCIDENT_STATE_ integer, 
TENANT_ID_ varchar(64), 
JOB_DEF_ID_ varchar(64), 
primary key (ID_) 
)&apos;. Cause: &apos;Table &quot;ACT_HI_INCIDENT&quot; already exists; SQL statement:
create table ACT_HI_INCIDENT ( 
ID_ varchar(64) not null, 
PROC_DEF_KEY_ varchar(255), 
PROC_DEF_ID_ varchar(64), 
PROC_INST_ID_ varchar(64), 
EXECUTION_ID_ varchar(64), 
CREATE_TIME_ timestamp not null, 
END_TIME_ timestamp, 
INCIDENT_MSG_ varchar(4000), 
INCIDENT_TYPE_ varchar(255) not null, 
ACTIVITY_ID_ varchar(255), 
CAUSE_INCIDENT_ID_ varchar(64), 
ROOT_CAUSE_INCIDENT_ID_ varchar(64), 
CONFIGURATION_ varchar(255), 
INCIDENT_STATE_ integer, 
TENANT_ID_ varchar(64), 
JOB_DEF_ID_ varchar(64), 
primary key (ID_) 
) [42101-168]&apos;
17:59:43.366 [main] ERROR org.camunda.bpm.engine.persistence - ENGINE-03015 Problem during schema operation &apos;create&apos; with statement &apos;create table ACT_HI_JOB_LOG ( 
ID_ varchar(64) not null, 
TIMESTAMP_ timestamp not null, 
JOB_ID_ varchar(64) not null, 
JOB_DUEDATE_ timestamp, 
JOB_RETRIES_ integer, 
JOB_PRIORITY_ bigint not null default 0, 
JOB_EXCEPTION_MSG_ varchar(4000), 
JOB_EXCEPTION_STACK_ID_ varchar(64), 
JOB_STATE_ integer, 
JOB_DEF_ID_ varchar(64), 
JOB_DEF_TYPE_ varchar(255), 
JOB_DEF_CONFIGURATION_ varchar(255), 
ACT_ID_ varchar(255), 
EXECUTION_ID_ varchar(64), 
PROCESS_INSTANCE_ID_ varchar(64), 
PROCESS_DEF_ID_ varchar(64), 
PROCESS_DEF_KEY_ varchar(255), 
DEPLOYMENT_ID_ varchar(64), 
SEQUENCE_COUNTER_ integer, 
TENANT_ID_ varchar(64), 
primary key (ID_) 
)&apos;. Cause: &apos;Table &quot;ACT_HI_JOB_LOG&quot; already exists; SQL statement:
create table ACT_HI_JOB_LOG ( 
ID_ varchar(64) not null, 
TIMESTAMP_ timestamp not null, 
JOB_ID_ varchar(64) not null, 
JOB_DUEDATE_ timestamp, 
JOB_RETRIES_ integer, 
JOB_PRIORITY_ bigint not null default 0, 
JOB_EXCEPTION_MSG_ varchar(4000), 
JOB_EXCEPTION_STACK_ID_ varchar(64), 
JOB_STATE_ integer, 
JOB_DEF_ID_ varchar(64), 
JOB_DEF_TYPE_ varchar(255), 
JOB_DEF_CONFIGURATION_ varchar(255), 
ACT_ID_ varchar(255), 
EXECUTION_ID_ varchar(64), 
PROCESS_INSTANCE_ID_ varchar(64), 
PROCESS_DEF_ID_ varchar(64), 
PROCESS_DEF_KEY_ varchar(255), 
DEPLOYMENT_ID_ varchar(64), 
SEQUENCE_COUNTER_ integer, 
TENANT_ID_ varchar(64), 
primary key (ID_) 
) [42101-168]&apos;
17:59:43.367 [main] ERROR org.camunda.bpm.engine.persistence - ENGINE-03015 Problem during schema operation &apos;create&apos; with statement &apos;create table ACT_HI_BATCH ( 
ID_ varchar(64) not null, 
TYPE_ varchar(255), 
TOTAL_JOBS_ integer, 
JOBS_PER_SEED_ integer, 
INVOCATIONS_PER_JOB_ integer, 
SEED_JOB_DEF_ID_ varchar(64), 
MONITOR_JOB_DEF_ID_ varchar(64), 
BATCH_JOB_DEF_ID_ varchar(64), 
TENANT_ID_  varchar(64), 
START_TIME_ timestamp not null, 
END_TIME_ timestamp, 
primary key (ID_) 
)&apos;. Cause: &apos;Table &quot;ACT_HI_BATCH&quot; already exists; SQL statement:
create table ACT_HI_BATCH ( 
ID_ varchar(64) not null, 
TYPE_ varchar(255), 
TOTAL_JOBS_ integer, 
JOBS_PER_SEED_ integer, 
INVOCATIONS_PER_JOB_ integer, 
SEED_JOB_DEF_ID_ varchar(64), 
MONITOR_JOB_DEF_ID_ varchar(64), 
BATCH_JOB_DEF_ID_ varchar(64), 
TENANT_ID_  varchar(64), 
START_TIME_ timestamp not null, 
END_TIME_ timestamp, 
primary key (ID_) 
) [42101-168]&apos;
17:59:43.368 [main] ERROR org.camunda.bpm.engine.persistence - ENGINE-03015 Problem during schema operation &apos;create&apos; with statement &apos;create table ACT_HI_EXT_TASK_LOG ( 
ID_ varchar(64) not null, 
TIMESTAMP_ timestamp not null, 
EXT_TASK_ID_ varchar(64) not null, 
RETRIES_ integer, 
TOPIC_NAME_ varchar(255), 
WORKER_ID_ varchar(255), 
PRIORITY_ bigint not null default 0, 
ERROR_MSG_ varchar(4000), 
ERROR_DETAILS_ID_ varchar(64), 
ACT_ID_ varchar(255), 
ACT_INST_ID_ varchar(64), 
EXECUTION_ID_ varchar(64), 
PROC_INST_ID_ varchar(64), 
PROC_DEF_ID_ varchar(64), 
PROC_DEF_KEY_ varchar(255), 
TENANT_ID_ varchar(64), 
STATE_ integer, 
primary key (ID_) 
)&apos;. Cause: &apos;Table &quot;ACT_HI_EXT_TASK_LOG&quot; already exists; SQL statement:
create table ACT_HI_EXT_TASK_LOG ( 
ID_ varchar(64) not null, 
TIMESTAMP_ timestamp not null, 
EXT_TASK_ID_ varchar(64) not null, 
RETRIES_ integer, 
TOPIC_NAME_ varchar(255), 
WORKER_ID_ varchar(255), 
PRIORITY_ bigint not null default 0, 
ERROR_MSG_ varchar(4000), 
ERROR_DETAILS_ID_ varchar(64), 
ACT_ID_ varchar(255), 
ACT_INST_ID_ varchar(64), 
EXECUTION_ID_ varchar(64), 
PROC_INST_ID_ varchar(64), 
PROC_DEF_ID_ varchar(64), 
PROC_DEF_KEY_ varchar(255), 
TENANT_ID_ varchar(64), 
STATE_ integer, 
primary key (ID_) 
) [42101-168]&apos;
17:59:43.368 [main] ERROR org.camunda.bpm.engine.persistence - ENGINE-03015 Problem during schema operation &apos;create&apos; with statement &apos;create index ACT_IDX_HI_PRO_INST_END on ACT_HI_PROCINST(END_TIME_)&apos;. Cause: &apos;Index &quot;ACT_IDX_HI_PRO_INST_END&quot; already exists; SQL statement:
create index ACT_IDX_HI_PRO_INST_END on ACT_HI_PROCINST(END_TIME_) [42111-168]&apos;
17:59:43.368 [main] ERROR org.camunda.bpm.engine.persistence - ENGINE-03015 Problem during schema operation &apos;create&apos; with statement &apos;create index ACT_IDX_HI_PRO_I_BUSKEY on ACT_HI_PROCINST(BUSINESS_KEY_)&apos;. Cause: &apos;Index &quot;ACT_IDX_HI_PRO_I_BUSKEY&quot; already exists; SQL statement:
create index ACT_IDX_HI_PRO_I_BUSKEY on ACT_HI_PROCINST(BUSINESS_KEY_) [42111-168]&apos;
17:59:43.369 [main] ERROR org.camunda.bpm.engine.persistence - ENGINE-03015 Problem during schema operation &apos;create&apos; with statement &apos;create index ACT_IDX_HI_PRO_INST_TENANT_ID on ACT_HI_PROCINST(TENANT_ID_)&apos;. Cause: &apos;Index &quot;ACT_IDX_HI_PRO_INST_TENANT_ID&quot; already exists; SQL statement:
create index ACT_IDX_HI_PRO_INST_TENANT_ID on ACT_HI_PROCINST(TENANT_ID_) [42111-168]&apos;
17:59:43.369 [main] ERROR org.camunda.bpm.engine.persistence - ENGINE-03015 Problem during schema operation &apos;create&apos; with statement &apos;create index ACT_IDX_HI_PRO_INST_PROC_DEF_KEY on ACT_HI_PROCINST(PROC_DEF_KEY_)&apos;. Cause: &apos;Index &quot;ACT_IDX_HI_PRO_INST_PROC_DEF_KEY&quot; already exists; SQL statement:
create index ACT_IDX_HI_PRO_INST_PROC_DEF_KEY on ACT_HI_PROCINST(PROC_DEF_KEY_) [42111-168]&apos;
17:59:43.369 [main] ERROR org.camunda.bpm.engine.persistence - ENGINE-03015 Problem during schema operation &apos;create&apos; with statement &apos;create index ACT_IDX_HI_ACT_INST_START on ACT_HI_ACTINST(START_TIME_)&apos;. Cause: &apos;Index &quot;ACT_IDX_HI_ACT_INST_START&quot; already exists; SQL statement:
create index ACT_IDX_HI_ACT_INST_START on ACT_HI_ACTINST(START_TIME_) [42111-168]&apos;
17:59:43.370 [main] ERROR org.camunda.bpm.engine.persistence - ENGINE-03015 Problem during schema operation &apos;create&apos; with statement &apos;create index ACT_IDX_HI_ACT_INST_END on ACT_HI_ACTINST(END_TIME_)&apos;. Cause: &apos;Index &quot;ACT_IDX_HI_ACT_INST_END&quot; already exists; SQL statement:
create index ACT_IDX_HI_ACT_INST_END on ACT_HI_ACTINST(END_TIME_) [42111-168]&apos;
17:59:43.370 [main] ERROR org.camunda.bpm.engine.persistence - ENGINE-03015 Problem during schema operation &apos;create&apos; with statement &apos;create index ACT_IDX_HI_ACT_INST_PROCINST on ACT_HI_ACTINST(PROC_INST_ID_, ACT_ID_)&apos;. Cause: &apos;Index &quot;ACT_IDX_HI_ACT_INST_PROCINST&quot; already exists; SQL statement:
create index ACT_IDX_HI_ACT_INST_PROCINST on ACT_HI_ACTINST(PROC_INST_ID_, ACT_ID_) [42111-168]&apos;
17:59:43.370 [main] ERROR org.camunda.bpm.engine.persistence - ENGINE-03015 Problem during schema operation &apos;create&apos; with statement &apos;create index ACT_IDX_HI_ACT_INST_COMP on ACT_HI_ACTINST(EXECUTION_ID_, ACT_ID_, END_TIME_, ID_)&apos;. Cause: &apos;Index &quot;ACT_IDX_HI_ACT_INST_COMP&quot; already exists; SQL statement:
create index ACT_IDX_HI_ACT_INST_COMP on ACT_HI_ACTINST(EXECUTION_ID_, ACT_ID_, END_TIME_, ID_) [42111-168]&apos;
17:59:43.371 [main] ERROR org.camunda.bpm.engine.persistence - ENGINE-03015 Problem during schema operation &apos;create&apos; with statement &apos;create index ACT_IDX_HI_ACT_INST_STATS on ACT_HI_ACTINST(PROC_DEF_ID_, ACT_ID_, END_TIME_, ACT_INST_STATE_)&apos;. Cause: &apos;Index &quot;ACT_IDX_HI_ACT_INST_STATS&quot; already exists; SQL statement:
create index ACT_IDX_HI_ACT_INST_STATS on ACT_HI_ACTINST(PROC_DEF_ID_, ACT_ID_, END_TIME_, ACT_INST_STATE_) [42111-168]&apos;
17:59:43.371 [main] ERROR org.camunda.bpm.engine.persistence - ENGINE-03015 Problem during schema operation &apos;create&apos; with statement &apos;create index ACT_IDX_HI_ACT_INST_TENANT_ID on ACT_HI_ACTINST(TENANT_ID_)&apos;. Cause: &apos;Index &quot;ACT_IDX_HI_ACT_INST_TENANT_ID&quot; already exists; SQL statement:
create index ACT_IDX_HI_ACT_INST_TENANT_ID on ACT_HI_ACTINST(TENANT_ID_) [42111-168]&apos;
17:59:43.371 [main] ERROR org.camunda.bpm.engine.persistence - ENGINE-03015 Problem during schema operation &apos;create&apos; with statement &apos;create index ACT_IDX_HI_ACT_INST_PROC_DEF_KEY on ACT_HI_ACTINST(PROC_DEF_KEY_)&apos;. Cause: &apos;Index &quot;ACT_IDX_HI_ACT_INST_PROC_DEF_KEY&quot; already exists; SQL statement:
create index ACT_IDX_HI_ACT_INST_PROC_DEF_KEY on ACT_HI_ACTINST(PROC_DEF_KEY_) [42111-168]&apos;
17:59:43.371 [main] ERROR org.camunda.bpm.engine.persistence - ENGINE-03015 Problem during schema operation &apos;create&apos; with statement &apos;create index ACT_IDX_HI_DETAIL_PROC_INST on ACT_HI_DETAIL(PROC_INST_ID_)&apos;. Cause: &apos;Index &quot;ACT_IDX_HI_DETAIL_PROC_INST&quot; already exists; SQL statement:
create index ACT_IDX_HI_DETAIL_PROC_INST on ACT_HI_DETAIL(PROC_INST_ID_) [42111-168]&apos;
17:59:43.372 [main] ERROR org.camunda.bpm.engine.persistence - ENGINE-03015 Problem during schema operation &apos;create&apos; with statement &apos;create index ACT_IDX_HI_DETAIL_ACT_INST on ACT_HI_DETAIL(ACT_INST_ID_)&apos;. Cause: &apos;Index &quot;ACT_IDX_HI_DETAIL_ACT_INST&quot; already exists; SQL statement:
create index ACT_IDX_HI_DETAIL_ACT_INST on ACT_HI_DETAIL(ACT_INST_ID_) [42111-168]&apos;
17:59:43.372 [main] ERROR org.camunda.bpm.engine.persistence - ENGINE-03015 Problem during schema operation &apos;create&apos; with statement &apos;create index ACT_IDX_HI_DETAIL_CASE_INST on ACT_HI_DETAIL(CASE_INST_ID_)&apos;. Cause: &apos;Index &quot;ACT_IDX_HI_DETAIL_CASE_INST&quot; already exists; SQL statement:
create index ACT_IDX_HI_DETAIL_CASE_INST on ACT_HI_DETAIL(CASE_INST_ID_) [42111-168]&apos;
17:59:43.372 [main] ERROR org.camunda.bpm.engine.persistence - ENGINE-03015 Problem during schema operation &apos;create&apos; with statement &apos;create index ACT_IDX_HI_DETAIL_CASE_EXEC on ACT_HI_DETAIL(CASE_EXECUTION_ID_)&apos;. Cause: &apos;Index &quot;ACT_IDX_HI_DETAIL_CASE_EXEC&quot; already exists; SQL statement:
create index ACT_IDX_HI_DETAIL_CASE_EXEC on ACT_HI_DETAIL(CASE_EXECUTION_ID_) [42111-168]&apos;
17:59:43.372 [main] ERROR org.camunda.bpm.engine.persistence - ENGINE-03015 Problem during schema operation &apos;create&apos; with statement &apos;create index ACT_IDX_HI_DETAIL_TIME on ACT_HI_DETAIL(TIME_)&apos;. Cause: &apos;Index &quot;ACT_IDX_HI_DETAIL_TIME&quot; already exists; SQL statement:
create index ACT_IDX_HI_DETAIL_TIME on ACT_HI_DETAIL(TIME_) [42111-168]&apos;
17:59:43.372 [main] ERROR org.camunda.bpm.engine.persistence - ENGINE-03015 Problem during schema operation &apos;create&apos; with statement &apos;create index ACT_IDX_HI_DETAIL_NAME on ACT_HI_DETAIL(NAME_)&apos;. Cause: &apos;Index &quot;ACT_IDX_HI_DETAIL_NAME&quot; already exists; SQL statement:
create index ACT_IDX_HI_DETAIL_NAME on ACT_HI_DETAIL(NAME_) [42111-168]&apos;
17:59:43.373 [main] ERROR org.camunda.bpm.engine.persistence - ENGINE-03015 Problem during schema operation &apos;create&apos; with statement &apos;create index ACT_IDX_HI_DETAIL_TASK_ID on ACT_HI_DETAIL(TASK_ID_)&apos;. Cause: &apos;Index &quot;ACT_IDX_HI_DETAIL_TASK_ID&quot; already exists; SQL statement:
create index ACT_IDX_HI_DETAIL_TASK_ID on ACT_HI_DETAIL(TASK_ID_) [42111-168]&apos;
17:59:43.373 [main] ERROR org.camunda.bpm.engine.persistence - ENGINE-03015 Problem during schema operation &apos;create&apos; with statement &apos;create index ACT_IDX_HI_DETAIL_TENANT_ID on ACT_HI_DETAIL(TENANT_ID_)&apos;. Cause: &apos;Index &quot;ACT_IDX_HI_DETAIL_TENANT_ID&quot; already exists; SQL statement:
create index ACT_IDX_HI_DETAIL_TENANT_ID on ACT_HI_DETAIL(TENANT_ID_) [42111-168]&apos;
17:59:43.373 [main] ERROR org.camunda.bpm.engine.persistence - ENGINE-03015 Problem during schema operation &apos;create&apos; with statement &apos;create index ACT_IDX_HI_DETAIL_PROC_DEF_KEY on ACT_HI_DETAIL(PROC_DEF_KEY_)&apos;. Cause: &apos;Index &quot;ACT_IDX_HI_DETAIL_PROC_DEF_KEY&quot; already exists; SQL statement:
create index ACT_IDX_HI_DETAIL_PROC_DEF_KEY on ACT_HI_DETAIL(PROC_DEF_KEY_) [42111-168]&apos;
17:59:43.373 [main] ERROR org.camunda.bpm.engine.persistence - ENGINE-03015 Problem during schema operation &apos;create&apos; with statement &apos;create index ACT_IDX_HI_DETAIL_BYTEAR on ACT_HI_DETAIL(BYTEARRAY_ID_)&apos;. Cause: &apos;Index &quot;ACT_IDX_HI_DETAIL_BYTEAR&quot; already exists; SQL statement:
create index ACT_IDX_HI_DETAIL_BYTEAR on ACT_HI_DETAIL(BYTEARRAY_ID_) [42111-168]&apos;
17:59:43.373 [main] ERROR org.camunda.bpm.engine.persistence - ENGINE-03015 Problem during schema operation &apos;create&apos; with statement &apos;create index ACT_IDX_HI_IDENT_LNK_USER on ACT_HI_IDENTITYLINK(USER_ID_)&apos;. Cause: &apos;Index &quot;ACT_IDX_HI_IDENT_LNK_USER&quot; already exists; SQL statement:
create index ACT_IDX_HI_IDENT_LNK_USER on ACT_HI_IDENTITYLINK(USER_ID_) [42111-168]&apos;
17:59:43.375 [main] ERROR org.camunda.bpm.engine.persistence - ENGINE-03015 Problem during schema operation &apos;create&apos; with statement &apos;create index ACT_IDX_HI_IDENT_LNK_TENANT_ID on ACT_HI_IDENTITYLINK(TENANT_ID_)&apos;. Cause: &apos;Index &quot;ACT_IDX_HI_IDENT_LNK_TENANT_ID&quot; already exists; SQL statement:
create index ACT_IDX_HI_IDENT_LNK_TENANT_ID on ACT_HI_IDENTITYLINK(TENANT_ID_) [42111-168]&apos;
17:59:43.375 [main] ERROR org.camunda.bpm.engine.persistence - ENGINE-03015 Problem during schema operation &apos;create&apos; with statement &apos;create index ACT_IDX_HI_IDENT_LNK_GROUP on ACT_HI_IDENTITYLINK(GROUP_ID_)&apos;. Cause: &apos;Index &quot;ACT_IDX_HI_IDENT_LNK_GROUP&quot; already exists; SQL statement:
create index ACT_IDX_HI_IDENT_LNK_GROUP on ACT_HI_IDENTITYLINK(GROUP_ID_) [42111-168]&apos;
17:59:43.375 [main] ERROR org.camunda.bpm.engine.persistence - ENGINE-03015 Problem during schema operation &apos;create&apos; with statement &apos;create index ACT_IDX_HI_IDENT_LNK_PROC_DEF_KEY on ACT_HI_IDENTITYLINK(PROC_DEF_KEY_)&apos;. Cause: &apos;Index &quot;ACT_IDX_HI_IDENT_LNK_PROC_DEF_KEY&quot; already exists; SQL statement:
create index ACT_IDX_HI_IDENT_LNK_PROC_DEF_KEY on ACT_HI_IDENTITYLINK(PROC_DEF_KEY_) [42111-168]&apos;
17:59:43.375 [main] ERROR org.camunda.bpm.engine.persistence - ENGINE-03015 Problem during schema operation &apos;create&apos; with statement &apos;create index ACT_IDX_HI_IDENT_LINK_TASK on ACT_HI_IDENTITYLINK(TASK_ID_)&apos;. Cause: &apos;Index &quot;ACT_IDX_HI_IDENT_LINK_TASK&quot; already exists; SQL statement:
create index ACT_IDX_HI_IDENT_LINK_TASK on ACT_HI_IDENTITYLINK(TASK_ID_) [42111-168]&apos;
17:59:43.375 [main] ERROR org.camunda.bpm.engine.persistence - ENGINE-03015 Problem during schema operation &apos;create&apos; with statement &apos;create index ACT_IDX_HI_TASK_INST_TENANT_ID on ACT_HI_TASKINST(TENANT_ID_)&apos;. Cause: &apos;Index &quot;ACT_IDX_HI_TASK_INST_TENANT_ID&quot; already exists; SQL statement:
create index ACT_IDX_HI_TASK_INST_TENANT_ID on ACT_HI_TASKINST(TENANT_ID_) [42111-168]&apos;
17:59:43.376 [main] ERROR org.camunda.bpm.engine.persistence - ENGINE-03015 Problem during schema operation &apos;create&apos; with statement &apos;create index ACT_IDX_HI_TASK_INST_PROC_DEF_KEY on ACT_HI_TASKINST(PROC_DEF_KEY_)&apos;. Cause: &apos;Index &quot;ACT_IDX_HI_TASK_INST_PROC_DEF_KEY&quot; already exists; SQL statement:
create index ACT_IDX_HI_TASK_INST_PROC_DEF_KEY on ACT_HI_TASKINST(PROC_DEF_KEY_) [42111-168]&apos;
17:59:43.376 [main] ERROR org.camunda.bpm.engine.persistence - ENGINE-03015 Problem during schema operation &apos;create&apos; with statement &apos;create index ACT_IDX_HI_TASKINST_PROCINST on ACT_HI_TASKINST(PROC_INST_ID_)&apos;. Cause: &apos;Index &quot;ACT_IDX_HI_TASKINST_PROCINST&quot; already exists; SQL statement:
create index ACT_IDX_HI_TASKINST_PROCINST on ACT_HI_TASKINST(PROC_INST_ID_) [42111-168]&apos;
17:59:43.376 [main] ERROR org.camunda.bpm.engine.persistence - ENGINE-03015 Problem during schema operation &apos;create&apos; with statement &apos;create index ACT_IDX_HI_TASKINSTID_PROCINST on ACT_HI_TASKINST(ID_,PROC_INST_ID_)&apos;. Cause: &apos;Index &quot;ACT_IDX_HI_TASKINSTID_PROCINST&quot; already exists; SQL statement:
create index ACT_IDX_HI_TASKINSTID_PROCINST on ACT_HI_TASKINST(ID_,PROC_INST_ID_) [42111-168]&apos;
17:59:43.376 [main] ERROR org.camunda.bpm.engine.persistence - ENGINE-03015 Problem during schema operation &apos;create&apos; with statement &apos;create index ACT_IDX_HI_PROCVAR_PROC_INST on ACT_HI_VARINST(PROC_INST_ID_)&apos;. Cause: &apos;Index &quot;ACT_IDX_HI_PROCVAR_PROC_INST&quot; already exists; SQL statement:
create index ACT_IDX_HI_PROCVAR_PROC_INST on ACT_HI_VARINST(PROC_INST_ID_) [42111-168]&apos;
17:59:43.376 [main] ERROR org.camunda.bpm.engine.persistence - ENGINE-03015 Problem during schema operation &apos;create&apos; with statement &apos;create index ACT_IDX_HI_PROCVAR_NAME_TYPE on ACT_HI_VARINST(NAME_, VAR_TYPE_)&apos;. Cause: &apos;Index &quot;ACT_IDX_HI_PROCVAR_NAME_TYPE&quot; already exists; SQL statement:
create index ACT_IDX_HI_PROCVAR_NAME_TYPE on ACT_HI_VARINST(NAME_, VAR_TYPE_) [42111-168]&apos;
17:59:43.376 [main] ERROR org.camunda.bpm.engine.persistence - ENGINE-03015 Problem during schema operation &apos;create&apos; with statement &apos;create index ACT_IDX_HI_CASEVAR_CASE_INST on ACT_HI_VARINST(CASE_INST_ID_)&apos;. Cause: &apos;Index &quot;ACT_IDX_HI_CASEVAR_CASE_INST&quot; already exists; SQL statement:
create index ACT_IDX_HI_CASEVAR_CASE_INST on ACT_HI_VARINST(CASE_INST_ID_) [42111-168]&apos;
17:59:43.376 [main] ERROR org.camunda.bpm.engine.persistence - ENGINE-03015 Problem during schema operation &apos;create&apos; with statement &apos;create index ACT_IDX_HI_VAR_INST_TENANT_ID on ACT_HI_VARINST(TENANT_ID_)&apos;. Cause: &apos;Index &quot;ACT_IDX_HI_VAR_INST_TENANT_ID&quot; already exists; SQL statement:
create index ACT_IDX_HI_VAR_INST_TENANT_ID on ACT_HI_VARINST(TENANT_ID_) [42111-168]&apos;
17:59:43.377 [main] ERROR org.camunda.bpm.engine.persistence - ENGINE-03015 Problem during schema operation &apos;create&apos; with statement &apos;create index ACT_IDX_HI_VAR_INST_PROC_DEF_KEY on ACT_HI_VARINST(PROC_DEF_KEY_)&apos;. Cause: &apos;Index &quot;ACT_IDX_HI_VAR_INST_PROC_DEF_KEY&quot; already exists; SQL statement:
create index ACT_IDX_HI_VAR_INST_PROC_DEF_KEY on ACT_HI_VARINST(PROC_DEF_KEY_) [42111-168]&apos;
17:59:43.377 [main] ERROR org.camunda.bpm.engine.persistence - ENGINE-03015 Problem during schema operation &apos;create&apos; with statement &apos;create index ACT_IDX_HI_VARINST_BYTEAR on ACT_HI_VARINST(BYTEARRAY_ID_)&apos;. Cause: &apos;Index &quot;ACT_IDX_HI_VARINST_BYTEAR&quot; already exists; SQL statement:
create index ACT_IDX_HI_VARINST_BYTEAR on ACT_HI_VARINST(BYTEARRAY_ID_) [42111-168]&apos;
17:59:43.377 [main] ERROR org.camunda.bpm.engine.persistence - ENGINE-03015 Problem during schema operation &apos;create&apos; with statement &apos;create index ACT_IDX_HI_INCIDENT_TENANT_ID on ACT_HI_INCIDENT(TENANT_ID_)&apos;. Cause: &apos;Index &quot;ACT_IDX_HI_INCIDENT_TENANT_ID&quot; already exists; SQL statement:
create index ACT_IDX_HI_INCIDENT_TENANT_ID on ACT_HI_INCIDENT(TENANT_ID_) [42111-168]&apos;
17:59:43.377 [main] ERROR org.camunda.bpm.engine.persistence - ENGINE-03015 Problem during schema operation &apos;create&apos; with statement &apos;create index ACT_IDX_HI_INCIDENT_PROC_DEF_KEY on ACT_HI_INCIDENT(PROC_DEF_KEY_)&apos;. Cause: &apos;Index &quot;ACT_IDX_HI_INCIDENT_PROC_DEF_KEY&quot; already exists; SQL statement:
create index ACT_IDX_HI_INCIDENT_PROC_DEF_KEY on ACT_HI_INCIDENT(PROC_DEF_KEY_) [42111-168]&apos;
17:59:43.377 [main] ERROR org.camunda.bpm.engine.persistence - ENGINE-03015 Problem during schema operation &apos;create&apos; with statement &apos;create index ACT_IDX_HI_INCIDENT_PROCINST on ACT_HI_INCIDENT(PROC_INST_ID_)&apos;. Cause: &apos;Index &quot;ACT_IDX_HI_INCIDENT_PROCINST&quot; already exists; SQL statement:
create index ACT_IDX_HI_INCIDENT_PROCINST on ACT_HI_INCIDENT(PROC_INST_ID_) [42111-168]&apos;
17:59:43.377 [main] ERROR org.camunda.bpm.engine.persistence - ENGINE-03015 Problem during schema operation &apos;create&apos; with statement &apos;create index ACT_IDX_HI_JOB_LOG_PROCINST on ACT_HI_JOB_LOG(PROCESS_INSTANCE_ID_)&apos;. Cause: &apos;Index &quot;ACT_IDX_HI_JOB_LOG_PROCINST&quot; already exists; SQL statement:
create index ACT_IDX_HI_JOB_LOG_PROCINST on ACT_HI_JOB_LOG(PROCESS_INSTANCE_ID_) [42111-168]&apos;
17:59:43.378 [main] ERROR org.camunda.bpm.engine.persistence - ENGINE-03015 Problem during schema operation &apos;create&apos; with statement &apos;create index ACT_IDX_HI_JOB_LOG_PROCDEF on ACT_HI_JOB_LOG(PROCESS_DEF_ID_)&apos;. Cause: &apos;Index &quot;ACT_IDX_HI_JOB_LOG_PROCDEF&quot; already exists; SQL statement:
create index ACT_IDX_HI_JOB_LOG_PROCDEF on ACT_HI_JOB_LOG(PROCESS_DEF_ID_) [42111-168]&apos;
17:59:43.378 [main] ERROR org.camunda.bpm.engine.persistence - ENGINE-03015 Problem during schema operation &apos;create&apos; with statement &apos;create index ACT_IDX_HI_JOB_LOG_TENANT_ID on ACT_HI_JOB_LOG(TENANT_ID_)&apos;. Cause: &apos;Index &quot;ACT_IDX_HI_JOB_LOG_TENANT_ID&quot; already exists; SQL statement:
create index ACT_IDX_HI_JOB_LOG_TENANT_ID on ACT_HI_JOB_LOG(TENANT_ID_) [42111-168]&apos;
17:59:43.378 [main] ERROR org.camunda.bpm.engine.persistence - ENGINE-03015 Problem during schema operation &apos;create&apos; with statement &apos;create index ACT_IDX_HI_JOB_LOG_JOB_DEF_ID on ACT_HI_JOB_LOG(JOB_DEF_ID_)&apos;. Cause: &apos;Index &quot;ACT_IDX_HI_JOB_LOG_JOB_DEF_ID&quot; already exists; SQL statement:
create index ACT_IDX_HI_JOB_LOG_JOB_DEF_ID on ACT_HI_JOB_LOG(JOB_DEF_ID_) [42111-168]&apos;
17:59:43.378 [main] ERROR org.camunda.bpm.engine.persistence - ENGINE-03015 Problem during schema operation &apos;create&apos; with statement &apos;create index ACT_IDX_HI_JOB_LOG_PROC_DEF_KEY on ACT_HI_JOB_LOG(PROCESS_DEF_KEY_)&apos;. Cause: &apos;Index &quot;ACT_IDX_HI_JOB_LOG_PROC_DEF_KEY&quot; already exists; SQL statement:
create index ACT_IDX_HI_JOB_LOG_PROC_DEF_KEY on ACT_HI_JOB_LOG(PROCESS_DEF_KEY_) [42111-168]&apos;
17:59:43.378 [main] ERROR org.camunda.bpm.engine.persistence - ENGINE-03015 Problem during schema operation &apos;create&apos; with statement &apos;create index ACT_IDX_HI_JOB_LOG_EX_STACK on ACT_HI_JOB_LOG(JOB_EXCEPTION_STACK_ID_)&apos;. Cause: &apos;Index &quot;ACT_IDX_HI_JOB_LOG_EX_STACK&quot; already exists; SQL statement:
create index ACT_IDX_HI_JOB_LOG_EX_STACK on ACT_HI_JOB_LOG(JOB_EXCEPTION_STACK_ID_) [42111-168]&apos;
17:59:43.378 [main] ERROR org.camunda.bpm.engine.persistence - ENGINE-03015 Problem during schema operation &apos;create&apos; with statement &apos;create index ACT_HI_EXT_TASK_LOG_PROCINST on ACT_HI_EXT_TASK_LOG(PROC_INST_ID_)&apos;. Cause: &apos;Index &quot;ACT_HI_EXT_TASK_LOG_PROCINST&quot; already exists; SQL statement:
create index ACT_HI_EXT_TASK_LOG_PROCINST on ACT_HI_EXT_TASK_LOG(PROC_INST_ID_) [42111-168]&apos;
17:59:43.379 [main] ERROR org.camunda.bpm.engine.persistence - ENGINE-03015 Problem during schema operation &apos;create&apos; with statement &apos;create index ACT_HI_EXT_TASK_LOG_PROCDEF on ACT_HI_EXT_TASK_LOG(PROC_DEF_ID_)&apos;. Cause: &apos;Index &quot;ACT_HI_EXT_TASK_LOG_PROCDEF&quot; already exists; SQL statement:
create index ACT_HI_EXT_TASK_LOG_PROCDEF on ACT_HI_EXT_TASK_LOG(PROC_DEF_ID_) [42111-168]&apos;
17:59:43.379 [main] ERROR org.camunda.bpm.engine.persistence - ENGINE-03015 Problem during schema operation &apos;create&apos; with statement &apos;create index ACT_HI_EXT_TASK_LOG_PROC_DEF_KEY on ACT_HI_EXT_TASK_LOG(PROC_DEF_KEY_)&apos;. Cause: &apos;Index &quot;ACT_HI_EXT_TASK_LOG_PROC_DEF_KEY&quot; already exists; SQL statement:
create index ACT_HI_EXT_TASK_LOG_PROC_DEF_KEY on ACT_HI_EXT_TASK_LOG(PROC_DEF_KEY_) [42111-168]&apos;
17:59:43.379 [main] ERROR org.camunda.bpm.engine.persistence - ENGINE-03015 Problem during schema operation &apos;create&apos; with statement &apos;create index ACT_HI_EXT_TASK_LOG_TENANT_ID on ACT_HI_EXT_TASK_LOG(TENANT_ID_)&apos;. Cause: &apos;Index &quot;ACT_HI_EXT_TASK_LOG_TENANT_ID&quot; already exists; SQL statement:
create index ACT_HI_EXT_TASK_LOG_TENANT_ID on ACT_HI_EXT_TASK_LOG(TENANT_ID_) [42111-168]&apos;
17:59:43.379 [main] ERROR org.camunda.bpm.engine.persistence - ENGINE-03015 Problem during schema operation &apos;create&apos; with statement &apos;create index ACT_IDX_HI_EXTTASKLOG_ERRORDET on ACT_HI_EXT_TASK_LOG(ERROR_DETAILS_ID_)&apos;. Cause: &apos;Index &quot;ACT_IDX_HI_EXTTASKLOG_ERRORDET&quot; already exists; SQL statement:
create index ACT_IDX_HI_EXTTASKLOG_ERRORDET on ACT_HI_EXT_TASK_LOG(ERROR_DETAILS_ID_) [42111-168]&apos;
17:59:43.379 [main] ERROR org.camunda.bpm.engine.persistence - ENGINE-03015 Problem during schema operation &apos;create&apos; with statement &apos;create index ACT_IDX_HI_OP_LOG_PROCINST on ACT_HI_OP_LOG(PROC_INST_ID_)&apos;. Cause: &apos;Index &quot;ACT_IDX_HI_OP_LOG_PROCINST&quot; already exists; SQL statement:
create index ACT_IDX_HI_OP_LOG_PROCINST on ACT_HI_OP_LOG(PROC_INST_ID_) [42111-168]&apos;
17:59:43.379 [main] ERROR org.camunda.bpm.engine.persistence - ENGINE-03015 Problem during schema operation &apos;create&apos; with statement &apos;create index ACT_IDX_HI_OP_LOG_PROCDEF on ACT_HI_OP_LOG(PROC_DEF_ID_)&apos;. Cause: &apos;Index &quot;ACT_IDX_HI_OP_LOG_PROCDEF&quot; already exists; SQL statement:
create index ACT_IDX_HI_OP_LOG_PROCDEF on ACT_HI_OP_LOG(PROC_DEF_ID_) [42111-168]&apos;
17:59:43.380 [main] ERROR org.camunda.bpm.engine.persistence - ENGINE-03015 Problem during schema operation &apos;create&apos; with statement &apos;create index ACT_IDX_HI_COMMENT_TASK on ACT_HI_COMMENT(TASK_ID_)&apos;. Cause: &apos;Index &quot;ACT_IDX_HI_COMMENT_TASK&quot; already exists; SQL statement:
create index ACT_IDX_HI_COMMENT_TASK on ACT_HI_COMMENT(TASK_ID_) [42111-168]&apos;
17:59:43.380 [main] ERROR org.camunda.bpm.engine.persistence - ENGINE-03015 Problem during schema operation &apos;create&apos; with statement &apos;create index ACT_IDX_HI_COMMENT_PROCINST on ACT_HI_COMMENT(PROC_INST_ID_)&apos;. Cause: &apos;Index &quot;ACT_IDX_HI_COMMENT_PROCINST&quot; already exists; SQL statement:
create index ACT_IDX_HI_COMMENT_PROCINST on ACT_HI_COMMENT(PROC_INST_ID_) [42111-168]&apos;
17:59:43.380 [main] ERROR org.camunda.bpm.engine.persistence - ENGINE-03015 Problem during schema operation &apos;create&apos; with statement &apos;create index ACT_IDX_HI_ATTACHMENT_CONTENT on ACT_HI_ATTACHMENT(CONTENT_ID_)&apos;. Cause: &apos;Index &quot;ACT_IDX_HI_ATTACHMENT_CONTENT&quot; already exists; SQL statement:
create index ACT_IDX_HI_ATTACHMENT_CONTENT on ACT_HI_ATTACHMENT(CONTENT_ID_) [42111-168]&apos;
17:59:43.380 [main] ERROR org.camunda.bpm.engine.persistence - ENGINE-03015 Problem during schema operation &apos;create&apos; with statement &apos;create index ACT_IDX_HI_ATTACHMENT_PROCINST on ACT_HI_ATTACHMENT(PROC_INST_ID_)&apos;. Cause: &apos;Index &quot;ACT_IDX_HI_ATTACHMENT_PROCINST&quot; already exists; SQL statement:
create index ACT_IDX_HI_ATTACHMENT_PROCINST on ACT_HI_ATTACHMENT(PROC_INST_ID_) [42111-168]&apos;
17:59:43.380 [main] ERROR org.camunda.bpm.engine.persistence - ENGINE-03015 Problem during schema operation &apos;create&apos; with statement &apos;create index ACT_IDX_HI_ATTACHMENT_TASK on ACT_HI_ATTACHMENT(TASK_ID_)&apos;. Cause: &apos;Index &quot;ACT_IDX_HI_ATTACHMENT_TASK&quot; already exists; SQL statement:
create index ACT_IDX_HI_ATTACHMENT_TASK on ACT_HI_ATTACHMENT(TASK_ID_) [42111-168]&apos;
17:59:43.380 [main] INFO  org.camunda.bpm.engine.persistence - ENGINE-03016 Performing database operation &apos;create&apos; on component &apos;history&apos; with resource &apos;org/camunda/bpm/engine/db/create/activiti.h2.create.history.sql&apos;
17:59:43.386 [main] ERROR org.camunda.bpm.engine.context - ENGINE-16004 Exception while closing command context: ENGINE-03017 Could not perform operation &apos;create&apos; on database schema for SQL Statement: &apos;create table ACT_HI_PROCINST ( 
ID_ varchar(64) not null, 
PROC_INST_ID_ varchar(64) not null, 
BUSINESS_KEY_ varchar(255), 
PROC_DEF_KEY_ varchar(255), 
PROC_DEF_ID_ varchar(64) not null, 
START_TIME_ timestamp not null, 
END_TIME_ timestamp, 
DURATION_ bigint, 
START_USER_ID_ varchar(255), 
START_ACT_ID_ varchar(255), 
END_ACT_ID_ varchar(255), 
SUPER_PROCESS_INSTANCE_ID_ varchar(64), 
SUPER_CASE_INSTANCE_ID_ varchar(64), 
CASE_INST_ID_ varchar(64), 
DELETE_REASON_ varchar(4000), 
TENANT_ID_ varchar(64), 
STATE_ varchar(255), 
primary key (ID_), 
unique (PROC_INST_ID_) 
)&apos;.
org.camunda.bpm.engine.ProcessEngineException: ENGINE-03017 Could not perform operation &apos;create&apos; on database schema for SQL Statement: &apos;create table ACT_HI_PROCINST ( 
ID_ varchar(64) not null, 
PROC_INST_ID_ varchar(64) not null, 
BUSINESS_KEY_ varchar(255), 
PROC_DEF_KEY_ varchar(255), 
PROC_DEF_ID_ varchar(64) not null, 
START_TIME_ timestamp not null, 
END_TIME_ timestamp, 
DURATION_ bigint, 
START_USER_ID_ varchar(255), 
START_ACT_ID_ varchar(255), 
END_ACT_ID_ varchar(255), 
SUPER_PROCESS_INSTANCE_ID_ varchar(64), 
SUPER_CASE_INSTANCE_ID_ varchar(64), 
CASE_INST_ID_ varchar(64), 
DELETE_REASON_ varchar(4000), 
TENANT_ID_ varchar(64), 
STATE_ varchar(255), 
primary key (ID_), 
unique (PROC_INST_ID_) 
)&apos;.
	at org.camunda.bpm.engine.impl.db.EnginePersistenceLogger.performDatabaseOperationException(EnginePersistenceLogger.java:226) ~[camunda-engine-7.8.0.jar:7.8.0]
	at org.camunda.bpm.engine.impl.db.sql.DbSqlSession.executeSchemaResource(DbSqlSession.java:684) ~[camunda-engine-7.8.0.jar:7.8.0]
	at org.camunda.bpm.engine.impl.db.sql.DbSqlSession.executeSchemaResource(DbSqlSession.java:611) ~[camunda-engine-7.8.0.jar:7.8.0]
	at org.camunda.bpm.engine.impl.db.sql.DbSqlSession.executeMandatorySchemaResource(DbSqlSession.java:423) ~[camunda-engine-7.8.0.jar:7.8.0]
	at org.camunda.bpm.engine.impl.db.sql.DbSqlSession.dbSchemaCreateHistory(DbSqlSession.java:358) ~[camunda-engine-7.8.0.jar:7.8.0]
	at org.camunda.bpm.engine.impl.db.AbstractPersistenceSession.dbSchemaCreate(AbstractPersistenceSession.java:93) ~[camunda-engine-7.8.0.jar:7.8.0]
	at org.camunda.bpm.engine.impl.SchemaOperationsProcessEngineBuild.execute(SchemaOperationsProcessEngineBuild.java:48) ~[camunda-engine-7.8.0.jar:7.8.0]
	at org.camunda.bpm.engine.impl.SchemaOperationsProcessEngineBuild.execute(SchemaOperationsProcessEngineBuild.java:30) ~[camunda-engine-7.8.0.jar:7.8.0]
	at org.camunda.bpm.engine.impl.interceptor.CommandExecutorImpl.execute(CommandExecutorImpl.java:24) ~[camunda-engine-7.8.0.jar:7.8.0]
	at org.camunda.bpm.engine.impl.interceptor.CommandContextInterceptor.execute(CommandContextInterceptor.java:104) ~[camunda-engine-7.8.0.jar:7.8.0]
	at org.camunda.bpm.engine.impl.interceptor.ProcessApplicationContextInterceptor.execute(ProcessApplicationContextInterceptor.java:66) [camunda-engine-7.8.0.jar:7.8.0]
	at org.camunda.bpm.engine.impl.interceptor.LogInterceptor.execute(LogInterceptor.java:30) [camunda-engine-7.8.0.jar:7.8.0]
	at org.camunda.bpm.engine.impl.ProcessEngineImpl.executeSchemaOperations(ProcessEngineImpl.java:131) [camunda-engine-7.8.0.jar:7.8.0]
	at org.camunda.bpm.engine.impl.ProcessEngineImpl.&lt;init&gt;(ProcessEngineImpl.java:98) [camunda-engine-7.8.0.jar:7.8.0]
	at org.camunda.bpm.engine.impl.cfg.ProcessEngineConfigurationImpl.buildProcessEngine(ProcessEngineConfigurationImpl.java:723) [camunda-engine-7.8.0.jar:7.8.0]
	at com.kt.om.poc.prepare.ompocprepare.TesterCamunda.&lt;init&gt;(TesterCamunda.java:27) [test-classes/:na]
	at sun.reflect.NativeConstructorAccessorImpl.newInstance0(Native Method) [na:1.8.0_121]
	at sun.reflect.NativeConstructorAccessorImpl.newInstance(NativeConstructorAccessorImpl.java:62) [na:1.8.0_121]
	at sun.reflect.DelegatingConstructorAccessorImpl.newInstance(DelegatingConstructorAccessorImpl.java:45) [na:1.8.0_121]
	at java.lang.reflect.Constructor.newInstance(Constructor.java:423) [na:1.8.0_121]
	at org.junit.runners.BlockJUnit4ClassRunner.createTest(BlockJUnit4ClassRunner.java:217) [junit-4.12.jar:4.12]
	at org.junit.runners.BlockJUnit4ClassRunner$1.runReflectiveCall(BlockJUnit4ClassRunner.java:266) [junit-4.12.jar:4.12]
	at org.junit.internal.runners.model.ReflectiveCallable.run(ReflectiveCallable.java:12) [junit-4.12.jar:4.12]
	at org.junit.runners.BlockJUnit4ClassRunner.methodBlock(BlockJUnit4ClassRunner.java:263) [junit-4.12.jar:4.12]
	at org.junit.runners.BlockJUnit4ClassRunner.runChild(BlockJUnit4ClassRunner.java:78) [junit-4.12.jar:4.12]
	at org.junit.runners.BlockJUnit4ClassRunner.runChild(BlockJUnit4ClassRunner.java:57) [junit-4.12.jar:4.12]
	at org.junit.runners.ParentRunner$3.run(ParentRunner.java:290) [junit-4.12.jar:4.12]
	at org.junit.runners.ParentRunner$1.schedule(ParentRunner.java:71) [junit-4.12.jar:4.12]
	at org.junit.runners.ParentRunner.runChildren(ParentRunner.java:288) [junit-4.12.jar:4.12]
	at org.junit.runners.ParentRunner.access$000(ParentRunner.java:58) [junit-4.12.jar:4.12]
	at org.junit.runners.ParentRunner$2.evaluate(ParentRunner.java:268) [junit-4.12.jar:4.12]
	at org.junit.runners.ParentRunner.run(ParentRunner.java:363) [junit-4.12.jar:4.12]
	at org.apache.maven.surefire.junit4.JUnit4TestSet.execute(JUnit4TestSet.java:53) [surefire-junit4-2.10.jar:2.10]
	at org.apache.maven.surefire.junit4.JUnit4Provider.executeTestSet(JUnit4Provider.java:123) [surefire-junit4-2.10.jar:2.10]
	at org.apache.maven.surefire.junit4.JUnit4Provider.invoke(JUnit4Provider.java:104) [surefire-junit4-2.10.jar:2.10]
	at sun.reflect.NativeMethodAccessorImpl.invoke0(Native Method) ~[na:1.8.0_121]
	at sun.reflect.NativeMethodAccessorImpl.invoke(NativeMethodAccessorImpl.java:62) ~[na:1.8.0_121]
	at sun.reflect.DelegatingMethodAccessorImpl.invoke(DelegatingMethodAccessorImpl.java:43) ~[na:1.8.0_121]
	at java.lang.reflect.Method.invoke(Method.java:498) ~[na:1.8.0_121]
	at org.apache.maven.surefire.util.ReflectionUtils.invokeMethodWithArray(ReflectionUtils.java:164) [surefire-api-2.10.jar:2.10]
	at org.apache.maven.surefire.booter.ProviderFactory$ProviderProxy.invoke(ProviderFactory.java:110) [surefire-booter-2.10.jar:2.10]
	at org.apache.maven.surefire.booter.SurefireStarter.invokeProvider(SurefireStarter.java:175) [surefire-booter-2.10.jar:2.10]
	at org.apache.maven.surefire.booter.SurefireStarter.runSuitesInProcessWhenForked(SurefireStarter.java:107) [surefire-booter-2.10.jar:2.10]
	at org.apache.maven.surefire.booter.ForkedBooter.main(ForkedBooter.java:68) [surefire-booter-2.10.jar:2.10]
Caused by: org.h2.jdbc.JdbcSQLException: Table &quot;ACT_HI_PROCINST&quot; already exists; SQL statement:
create table ACT_HI_PROCINST ( 
ID_ varchar(64) not null, 
PROC_INST_ID_ varchar(64) not null, 
BUSINESS_KEY_ varchar(255), 
PROC_DEF_KEY_ varchar(255), 
PROC_DEF_ID_ varchar(64) not null, 
START_TIME_ timestamp not null, 
END_TIME_ timestamp, 
DURATION_ bigint, 
START_USER_ID_ varchar(255), 
START_ACT_ID_ varchar(255), 
END_ACT_ID_ varchar(255), 
SUPER_PROCESS_INSTANCE_ID_ varchar(64), 
SUPER_CASE_INSTANCE_ID_ varchar(64), 
CASE_INST_ID_ varchar(64), 
DELETE_REASON_ varchar(4000), 
TENANT_ID_ varchar(64), 
STATE_ varchar(255), 
primary key (ID_), 
unique (PROC_INST_ID_) 
) [42101-168]
	at org.h2.message.DbException.getJdbcSQLException(DbException.java:329) ~[h2-1.3.168.jar:1.3.168]
	at org.h2.message.DbException.get(DbException.java:169) ~[h2-1.3.168.jar:1.3.168]
	at org.h2.message.DbException.get(DbException.java:146) ~[h2-1.3.168.jar:1.3.168]
	at org.h2.command.ddl.CreateTable.update(CreateTable.java:108) ~[h2-1.3.168.jar:1.3.168]
	at org.h2.command.CommandContainer.update(CommandContainer.java:75) ~[h2-1.3.168.jar:1.3.168]
	at org.h2.command.Command.executeUpdate(Command.java:230) ~[h2-1.3.168.jar:1.3.168]
	at org.h2.jdbc.JdbcStatement.executeInternal(JdbcStatement.java:177) ~[h2-1.3.168.jar:1.3.168]
	at org.h2.jdbc.JdbcStatement.execute(JdbcStatement.java:152) ~[h2-1.3.168.jar:1.3.168]
	at org.camunda.bpm.engine.impl.db.sql.DbSqlSession.executeSchemaResource(DbSqlSession.java:657) ~[camunda-engine-7.8.0.jar:7.8.0]
	... 42 common frames omitted
</system-out>
    <system-err>Jan 31, 2018 5:59:42 PM org.camunda.bpm.extension.process_test_coverage.junit.rules.TestCoverageProcessEngineRule succeeded
����: com.kt.om.poc.prepare.ompocprepare.InMemoryH2Test succeeded.
Jan 31, 2018 5:59:42 PM org.camunda.bpm.extension.process_test_coverage.junit.rules.TestCoverageProcessEngineRule handleClassCoverage
����: com.kt.om.poc.prepare.ompocprepare.InMemoryH2Test test class coverage is: 0.5
</system-err>
  </testcase>
</testsuite>